# 8.28
针对反馈的AI打牌问题作出修改
# 8.29
对好牌评价进行了优化
# 8.31
对AI进行了优化，
优化的问题包括：有大不出却出炸，在某些局面下管队友的大牌，在某些局面下炸了可以赢却PASS
# 9.03
对AI进行了优化，包括：
带牌的处理（包括组成带牌，与拆带牌），在一些局面下拆大牌的处理
# 9.06
对AI进行了优化：
优化带牌的处理；
优化地主报单时上家农民的逻辑；
修复AI在某些状况下记录牌张数量错误的问题；
修复一些可能导致AI不稳定的问题。
#9.18
优化AI组牌逻辑
#9.20
优化手牌只剩4带2时逻辑
优化地主3带1拆牌逻辑
调整TRUST_LEVEL，TRUST_LEVLE等级现在即为BEST_LEVEL_2
#9.25
优化三带的kicker是大牌时的处理逻辑
修复被动出牌时三带在模拟逻辑中不会找全所有合法kicker的问题
#9.28
修复在原本选择PASS的情况下会选择管牌的问题
修复地主在拆牌逻辑中参数未处理误导致不拆牌的问题
#9.29
优化被动出牌时，农民在多炸弹且至多仅剩1套非炸弹牌的情况下的出牌逻辑
#10.24
修改单牌控制分数计算结果（控制分数不小于0）
优化3带x剩最后一套时直接打出
修复地主报单时，农民3带组牌/调整带牌时出现的错误
#11.06
修复拆牌逻辑顺子调优BUG
优化拆牌逻辑顺子调优，飞机之后搜索单顺会优先考察顺子头尾的飞机
优化模拟打牌第一手打法的顺序
优化手中只剩炸弹时的出牌逻辑
增加ALLOW_SAME_KICKER宏，增加长度3以上的飞机可带相同牌张逻辑
优化三带的带牌调整逻辑
#11.27
优化被动出牌时，模拟第一手出法的顺序（单/对，根据出牌者身份有区分）
优化被动出牌时，地主合手时农民面对地主出单/对的逻辑
优化农民对队友的大牌的PASS逻辑
调整AI内部模拟打牌结果对出牌的选择
#11.29
修复通知AI自己或其他玩家所出牌张时，牌张ID错误的问题
修复拆分中，顺子优化飞机时，返回值错误的问题
优化拆分后顺子可以合并却没有合并的问题
修复必管情况下，get_the_best_hand模拟全输的情况下选择PASS的问题
#12.10 (372c9e0)
修复必管条件下，模拟出牌时全输的话会PASS的问题
修复地主出单2，农民可赢的情况下拆王炸管牌的问题
修复AI其他BUG
#12.26
优化带牌逻辑
增加出牌前带牌优化检查
修复其他逻辑问题（导致出牌与逻辑不符）
#1.29
修复3+2时剩最后一套牌不带出最大对的问题
修复ALLOW_SAME_KICKER宏在带牌时处理范围导致的问题
修复对手在有王炸时，自己剩一套炸弹不出牌的问题
修复对手报单时，会打出单牌的问题
修复被动出牌模拟时预出牌套加入2次PASS导致可能出现管不上上一手炸弹的问题
修复必管逻辑下，比较不同出牌下的拆分时拆分不变，导致始终出最大一手牌的问题
优化，加入管不上的单牌记录，在队友报单时判断队友是否能走
优化，队友报单时能放走时优先搜索炸弹，否则先搜索套牌
在地主拆牌逻辑中，加入不看牌时不同出牌下拆分的比较
#2019-4-22 (64b1399)
[fix] 修复连接顺子后，处理牌套数组错误导致牌套不正确的问题
[fix] 修复明牌时考察单/对的明牌情况错误，此处修改为原意在对手剩小牌时自身判断一个小的单/对为冲锋套明显不合理的情况
[refine] 优化带牌时带单或对的条件判断
[refine] 优化内部模拟时模拟过程的循环
[refine] 优化面对下家农民出牌时，上家农民的部分出牌逻辑
[refine] 在合手时，如果小牌比炸弹多，则先出小牌避免先出冲锋套被炸。
[refine] 优化带牌，三带能带完全部单牌时，且带牌不包含控制牌，则带单牌。
